# JRE version: OpenJDK Runtime Environment Temurin-21.0.8+9 (21.0.8+9) (build 21.0.8+9-LTS)
# Java VM: OpenJDK 64-Bit Server VM Temurin-21.0.8+9 (21.0.8+9-LTS, mixed mode, sharing, tiered, compressed oops, compressed class ptrs, parallel gc, windows-amd64)
GC Precious Log:
 CardTable entry size: 512
 CPUs: 8 total, 8 available
 Memory: 7950M
 Large Page Support: Disabled
 NUMA Support: Disabled
 Compressed Oops: Enabled (32-bit)
 Alignments: Space 512K, Generation 512K, Heap 2M
 Heap Min Capacity: 100M
 Heap Initial Capacity: 100M
 Heap Max Capacity: 2G
 Pre-touch: Disabled
 Parallel Workers: 8
Heap:
 PSYoungGen      total 1536K, used 1183K [0x00000000d5580000, 0x00000000d5880000, 0x0000000100000000)
  eden space 1024K, 68% used [0x00000000d5580000,0x00000000d562ffd8,0x00000000d5680000)
  from space 512K, 93% used [0x00000000d5680000,0x00000000d56f8000,0x00000000d5700000)
  to   space 1024K, 0% used [0x00000000d5780000,0x00000000d5780000,0x00000000d5880000)
 ParOldGen       total 945152K, used 944685K [0x0000000080000000, 0x00000000b9b00000, 0x00000000d5580000)
  object space 945152K, 99% used [0x0000000080000000,0x00000000b9a8b4a0,0x00000000b9b00000)
 Metaspace       used 93125K, committed 94912K, reserved 1179648K
  class space    used 9228K, committed 10048K, reserved 1048576K
GC Heap History (20 events):
Event: 5516.475 GC heap before
{Heap before GC invocations=4590 (full 8):
 PSYoungGen      total 1536K, used 1184K [0x00000000d5580000, 0x00000000d5800000, 0x0000000100000000)
  eden space 1024K, 100% used [0x00000000d5580000,0x00000000d5680000,0x00000000d5680000)
  from space 512K, 31% used [0x00000000d5680000,0x00000000d56a8000,0x00000000d5700000)
  to   space 512K, 0% used [0x00000000d5780000,0x00000000d5780000,0x00000000d5800000)
 ParOldGen       total 943104K, used 942610K [0x0000000080000000, 0x00000000b9900000, 0x00000000d5580000)
  object space 943104K, 99% used [0x0000000080000000,0x00000000b9884b88,0x00000000b9900000)
 Metaspace       used 93122K, committed 94848K, reserved 1179648K
  class space    used 9228K, committed 10048K, reserved 1048576K
}
Event: 5516.481 GC heap after
{Heap after GC invocations=4590 (full 8):
 PSYoungGen      total 1536K, used 288K [0x00000000d5580000, 0x00000000d5800000, 0x0000000100000000)
  eden space 1024K, 0% used [0x00000000d5580000,0x00000000d5580000,0x00000000d5680000)
  from space 512K, 56% used [0x00000000d5780000,0x00000000d57c8020,0x00000000d5800000)
  to   space 512K, 0% used [0x00000000d5680000,0x00000000d5680000,0x00000000d5700000)
 ParOldGen       total 943104K, used 942658K [0x0000000080000000, 0x00000000b9900000, 0x00000000d5580000)
  object space 943104K, 99% used [0x0000000080000000,0x00000000b9890b88,0x00000000b9900000)
 Metaspace       used 93122K, committed 94848K, reserved 1179648K
  class space    used 9228K, committed 10048K, reserved 1048576K
}
Event: 5516.585 GC heap before
{Heap before GC invocations=4591 (full 8):
 PSYoungGen      total 1536K, used 1306K [0x00000000d5580000, 0x00000000d5800000, 0x0000000100000000)
  eden space 1024K, 99% used [0x00000000d5580000,0x00000000d567e898,0x00000000d5680000)
  from space 512K, 56% used [0x00000000d5780000,0x00000000d57c8020,0x00000000d5800000)
  to   space 512K, 0% used [0x00000000d5680000,0x00000000d5680000,0x00000000d5700000)
 ParOldGen       total 943104K, used 942658K [0x0000000080000000, 0x00000000b9900000, 0x00000000d5580000)
  object space 943104K, 99% used [0x0000000080000000,0x00000000b9890b88,0x00000000b9900000)
 Metaspace       used 93122K, committed 94848K, reserved 1179648K
  class space    used 9228K, committed 10048K, reserved 1048576K
}
Event: 5516.594 GC heap after
{Heap after GC invocations=4591 (full 8):
 PSYoungGen      total 1536K, used 320K [0x00000000d5580000, 0x00000000d5800000, 0x0000000100000000)
  eden space 1024K, 0% used [0x00000000d5580000,0x00000000d5580000,0x00000000d5680000)
  from space 512K, 62% used [0x00000000d5680000,0x00000000d56d0000,0x00000000d5700000)
  to   space 512K, 0% used [0x00000000d5780000,0x00000000d5780000,0x00000000d5800000)
 ParOldGen       total 943104K, used 942802K [0x0000000080000000, 0x00000000b9900000, 0x00000000d5580000)
  object space 943104K, 99% used [0x0000000080000000,0x00000000b98b4ba8,0x00000000b9900000)
 Metaspace       used 93122K, committed 94848K, reserved 1179648K
  class space    used 9228K, committed 10048K, reserved 1048576K
}
Event: 5516.684 GC heap before
{Heap before GC invocations=4592 (full 8):
 PSYoungGen      total 1536K, used 1343K [0x00000000d5580000, 0x00000000d5800000, 0x0000000100000000)
  eden space 1024K, 99% used [0x00000000d5580000,0x00000000d567ffd8,0x00000000d5680000)
  from space 512K, 62% used [0x00000000d5680000,0x00000000d56d0000,0x00000000d5700000)
  to   space 512K, 0% used [0x00000000d5780000,0x00000000d5780000,0x00000000d5800000)
 ParOldGen       total 943104K, used 942802K [0x0000000080000000, 0x00000000b9900000, 0x00000000d5580000)
  object space 943104K, 99% used [0x0000000080000000,0x00000000b98b4ba8,0x00000000b9900000)
 Metaspace       used 93122K, committed 94848K, reserved 1179648K
  class space    used 9228K, committed 10048K, reserved 1048576K
}
Event: 5516.692 GC heap after
{Heap after GC invocations=4592 (full 8):
 PSYoungGen      total 1536K, used 256K [0x00000000d5580000, 0x00000000d5800000, 0x0000000100000000)
  eden space 1024K, 0% used [0x00000000d5580000,0x00000000d5580000,0x00000000d5680000)
  from space 512K, 50% used [0x00000000d5780000,0x00000000d57c0000,0x00000000d5800000)
  to   space 512K, 0% used [0x00000000d5680000,0x00000000d5680000,0x00000000d5700000)
 ParOldGen       total 943104K, used 942978K [0x0000000080000000, 0x00000000b9900000, 0x00000000d5580000)
  object space 943104K, 99% used [0x0000000080000000,0x00000000b98e0ba8,0x00000000b9900000)
 Metaspace       used 93122K, committed 94848K, reserved 1179648K
  class space    used 9228K, committed 10048K, reserved 1048576K
}
Event: 5516.769 GC heap before
{Heap before GC invocations=4593 (full 8):
 PSYoungGen      total 1536K, used 1280K [0x00000000d5580000, 0x00000000d5800000, 0x0000000100000000)
  eden space 1024K, 100% used [0x00000000d5580000,0x00000000d5680000,0x00000000d5680000)
  from space 512K, 50% used [0x00000000d5780000,0x00000000d57c0000,0x00000000d5800000)
  to   space 512K, 0% used [0x00000000d5680000,0x00000000d5680000,0x00000000d5700000)
 ParOldGen       total 943104K, used 942978K [0x0000000080000000, 0x00000000b9900000, 0x00000000d5580000)
  object space 943104K, 99% used [0x0000000080000000,0x00000000b98e0ba8,0x00000000b9900000)
 Metaspace       used 93122K, committed 94848K, reserved 1179648K
  class space    used 9228K, committed 10048K, reserved 1048576K
}
Event: 5516.779 GC heap after
{Heap after GC invocations=4593 (full 8):
 PSYoungGen      total 1536K, used 320K [0x00000000d5580000, 0x00000000d5800000, 0x0000000100000000)
  eden space 1024K, 0% used [0x00000000d5580000,0x00000000d5580000,0x00000000d5680000)
  from space 512K, 62% used [0x00000000d5680000,0x00000000d56d0000,0x00000000d5700000)
  to   space 512K, 0% used [0x00000000d5780000,0x00000000d5780000,0x00000000d5800000)
 ParOldGen       total 943104K, used 943079K [0x0000000080000000, 0x00000000b9900000, 0x00000000d5580000)
  object space 943104K, 99% used [0x0000000080000000,0x00000000b98f9c58,0x00000000b9900000)
 Metaspace       used 93122K, committed 94848K, reserved 1179648K
  class space    used 9228K, committed 10048K, reserved 1048576K
}
Event: 5516.915 GC heap before
{Heap before GC invocations=4594 (full 8):
 PSYoungGen      total 1536K, used 1344K [0x00000000d5580000, 0x00000000d5800000, 0x0000000100000000)
  eden space 1024K, 100% used [0x00000000d5580000,0x00000000d5680000,0x00000000d5680000)
  from space 512K, 62% used [0x00000000d5680000,0x00000000d56d0000,0x00000000d5700000)
  to   space 512K, 0% used [0x00000000d5780000,0x00000000d5780000,0x00000000d5800000)
 ParOldGen       total 943104K, used 943079K [0x0000000080000000, 0x00000000b9900000, 0x00000000d5580000)
  object space 943104K, 99% used [0x0000000080000000,0x00000000b98f9c58,0x00000000b9900000)
 Metaspace       used 93122K, committed 94848K, reserved 1179648K
  class space    used 9228K, committed 10048K, reserved 1048576K
}
Event: 5516.921 GC heap after
{Heap after GC invocations=4594 (full 8):
 PSYoungGen      total 1536K, used 416K [0x00000000d5580000, 0x00000000d5800000, 0x0000000100000000)
  eden space 1024K, 0% used [0x00000000d5580000,0x00000000d5580000,0x00000000d5680000)
  from space 512K, 81% used [0x00000000d5780000,0x00000000d57e8000,0x00000000d5800000)
  to   space 512K, 0% used [0x00000000d5680000,0x00000000d5680000,0x00000000d5700000)
 ParOldGen       total 943616K, used 943283K [0x0000000080000000, 0x00000000b9980000, 0x00000000d5580000)
  object space 943616K, 99% used [0x0000000080000000,0x00000000b992cca8,0x00000000b9980000)
 Metaspace       used 93122K, committed 94848K, reserved 1179648K
  class space    used 9228K, committed 10048K, reserved 1048576K
}
Event: 5517.022 GC heap before
{Heap before GC invocations=4595 (full 8):
 PSYoungGen      total 1536K, used 1440K [0x00000000d5580000, 0x00000000d5800000, 0x0000000100000000)
  eden space 1024K, 100% used [0x00000000d5580000,0x00000000d5680000,0x00000000d5680000)
  from space 512K, 81% used [0x00000000d5780000,0x00000000d57e8000,0x00000000d5800000)
  to   space 512K, 0% used [0x00000000d5680000,0x00000000d5680000,0x00000000d5700000)
 ParOldGen       total 943616K, used 943283K [0x0000000080000000, 0x00000000b9980000, 0x00000000d5580000)
  object space 943616K, 99% used [0x0000000080000000,0x00000000b992cca8,0x00000000b9980000)
 Metaspace       used 93122K, committed 94848K, reserved 1179648K
  class space    used 9228K, committed 10048K, reserved 1048576K
}
Event: 5517.027 GC heap after
{Heap after GC invocations=4595 (full 8):
 PSYoungGen      total 1536K, used 512K [0x00000000d5580000, 0x00000000d5880000, 0x0000000100000000)
  eden space 1024K, 0% used [0x00000000d5580000,0x00000000d5580000,0x00000000d5680000)
  from space 512K, 100% used [0x00000000d5680000,0x00000000d5700000,0x00000000d5700000)
  to   space 1024K, 0% used [0x00000000d5780000,0x00000000d5780000,0x00000000d5880000)
 ParOldGen       total 943616K, used 943535K [0x0000000080000000, 0x00000000b9980000, 0x00000000d5580000)
  object space 943616K, 99% used [0x0000000080000000,0x00000000b996bf50,0x00000000b9980000)
 Metaspace       used 93122K, committed 94848K, reserved 1179648K
  class space    used 9228K, committed 10048K, reserved 1048576K
}
Event: 5517.212 GC heap before
{Heap before GC invocations=4596 (full 8):
 PSYoungGen      total 1536K, used 1536K [0x00000000d5580000, 0x00000000d5880000, 0x0000000100000000)
  eden space 1024K, 100% used [0x00000000d5580000,0x00000000d5680000,0x00000000d5680000)
  from space 512K, 100% used [0x00000000d5680000,0x00000000d5700000,0x00000000d5700000)
  to   space 1024K, 0% used [0x00000000d5780000,0x00000000d5780000,0x00000000d5880000)
 ParOldGen       total 943616K, used 943535K [0x0000000080000000, 0x00000000b9980000, 0x00000000d5580000)
  object space 943616K, 99% used [0x0000000080000000,0x00000000b996bf50,0x00000000b9980000)
 Metaspace       used 93122K, committed 94848K, reserved 1179648K
  class space    used 9228K, committed 10048K, reserved 1048576K
}
Event: 5517.222 GC heap after
{Heap after GC invocations=4596 (full 8):
 PSYoungGen      total 1536K, used 384K [0x00000000d5580000, 0x00000000d5800000, 0x0000000100000000)
  eden space 1024K, 0% used [0x00000000d5580000,0x00000000d5580000,0x00000000d5680000)
  from space 512K, 75% used [0x00000000d5780000,0x00000000d57e0000,0x00000000d5800000)
  to   space 512K, 0% used [0x00000000d5680000,0x00000000d5680000,0x00000000d5700000)
 ParOldGen       total 944128K, used 943899K [0x0000000080000000, 0x00000000b9a00000, 0x00000000d5580000)
  object space 944128K, 99% used [0x0000000080000000,0x00000000b99c6e90,0x00000000b9a00000)
 Metaspace       used 93122K, committed 94848K, reserved 1179648K
  class space    used 9228K, committed 10048K, reserved 1048576K
}
Event: 5517.668 GC heap before
{Heap before GC invocations=4597 (full 8):
 PSYoungGen      total 1536K, used 1408K [0x00000000d5580000, 0x00000000d5800000, 0x0000000100000000)
  eden space 1024K, 100% used [0x00000000d5580000,0x00000000d5680000,0x00000000d5680000)
  from space 512K, 75% used [0x00000000d5780000,0x00000000d57e0000,0x00000000d5800000)
  to   space 512K, 0% used [0x00000000d5680000,0x00000000d5680000,0x00000000d5700000)
 ParOldGen       total 944128K, used 943899K [0x0000000080000000, 0x00000000b9a00000, 0x00000000d5580000)
  object space 944128K, 99% used [0x0000000080000000,0x00000000b99c6e90,0x00000000b9a00000)
 Metaspace       used 93122K, committed 94848K, reserved 1179648K
  class space    used 9228K, committed 10048K, reserved 1048576K
}
Event: 5517.679 GC heap after
{Heap after GC invocations=4597 (full 8):
 PSYoungGen      total 1536K, used 512K [0x00000000d5580000, 0x00000000d5880000, 0x0000000100000000)
  eden space 1024K, 0% used [0x00000000d5580000,0x00000000d5580000,0x00000000d5680000)
  from space 512K, 100% used [0x00000000d5680000,0x00000000d5700000,0x00000000d5700000)
  to   space 1024K, 0% used [0x00000000d5780000,0x00000000d5780000,0x00000000d5880000)
 ParOldGen       total 944640K, used 944155K [0x0000000080000000, 0x00000000b9a80000, 0x00000000d5580000)
  object space 944640K, 99% used [0x0000000080000000,0x00000000b9a06e90,0x00000000b9a80000)
 Metaspace       used 93122K, committed 94848K, reserved 1179648K
  class space    used 9228K, committed 10048K, reserved 1048576K
}
Event: 5517.818 GC heap before
{Heap before GC invocations=4598 (full 8):
 PSYoungGen      total 1536K, used 1536K [0x00000000d5580000, 0x00000000d5880000, 0x0000000100000000)
  eden space 1024K, 100% used [0x00000000d5580000,0x00000000d5680000,0x00000000d5680000)
  from space 512K, 100% used [0x00000000d5680000,0x00000000d5700000,0x00000000d5700000)
  to   space 1024K, 0% used [0x00000000d5780000,0x00000000d5780000,0x00000000d5880000)
 ParOldGen       total 944640K, used 944155K [0x0000000080000000, 0x00000000b9a80000, 0x00000000d5580000)
  object space 944640K, 99% used [0x0000000080000000,0x00000000b9a06e90,0x00000000b9a80000)
 Metaspace       used 93122K, committed 94848K, reserved 1179648K
  class space    used 9228K, committed 10048K, reserved 1048576K
}
Event: 5517.825 GC heap after
{Heap after GC invocations=4598 (full 8):
 PSYoungGen      total 1536K, used 256K [0x00000000d5580000, 0x00000000d5800000, 0x0000000100000000)
  eden space 1024K, 0% used [0x00000000d5580000,0x00000000d5580000,0x00000000d5680000)
  from space 512K, 50% used [0x00000000d5780000,0x00000000d57c0000,0x00000000d5800000)
  to   space 512K, 0% used [0x00000000d5680000,0x00000000d5680000,0x00000000d5700000)
 ParOldGen       total 944640K, used 944507K [0x0000000080000000, 0x00000000b9a80000, 0x00000000d5580000)
  object space 944640K, 99% used [0x0000000080000000,0x00000000b9a5eea0,0x00000000b9a80000)
 Metaspace       used 93122K, committed 94848K, reserved 1179648K
  class space    used 9228K, committed 10048K, reserved 1048576K
}
Event: 5518.239 GC heap before
{Heap before GC invocations=4599 (full 8):
 PSYoungGen      total 1536K, used 1280K [0x00000000d5580000, 0x00000000d5800000, 0x0000000100000000)
  eden space 1024K, 100% used [0x00000000d5580000,0x00000000d5680000,0x00000000d5680000)
  from space 512K, 50% used [0x00000000d5780000,0x00000000d57c0000,0x00000000d5800000)
  to   space 512K, 0% used [0x00000000d5680000,0x00000000d5680000,0x00000000d5700000)
 ParOldGen       total 944640K, used 944507K [0x0000000080000000, 0x00000000b9a80000, 0x00000000d5580000)
  object space 944640K, 99% used [0x0000000080000000,0x00000000b9a5eea0,0x00000000b9a80000)
 Metaspace       used 93125K, committed 94912K, reserved 1179648K
  class space    used 9228K, committed 10048K, reserved 1048576K
}
Event: 5518.246 GC heap after
{Heap after GC invocations=4599 (full 8):
 PSYoungGen      total 1536K, used 480K [0x00000000d5580000, 0x00000000d5880000, 0x0000000100000000)
  eden space 1024K, 0% used [0x00000000d5580000,0x00000000d5580000,0x00000000d5680000)
  from space 512K, 93% used [0x00000000d5680000,0x00000000d56f8000,0x00000000d5700000)
  to   space 1024K, 0% used [0x00000000d5780000,0x00000000d5780000,0x00000000d5880000)
 ParOldGen       total 945152K, used 944685K [0x0000000080000000, 0x00000000b9b00000, 0x00000000d5580000)
  object space 945152K, 99% used [0x0000000080000000,0x00000000b9a8b4a0,0x00000000b9b00000)
 Metaspace       used 93125K, committed 94912K, reserved 1179648K
  class space    used 9228K, committed 10048K, reserved 1048576K
}

